<?xml version="1.0" encoding="UTF-8"?>
<testsuite xmlns:xsi="http://www.w3.org/2001/XMLSchema-instance" xsi:noNamespaceSchemaLocation="https://maven.apache.org/surefire/maven-surefire-plugin/xsd/surefire-test-report.xsd" name="SHOULD BE ABLE TO LOGIN" time="0.399" tests="2" errors="2" skipped="0" failures="0">
  <properties>
[...]
</properties>
  <testcase name="Should be able to login" classname="SHOULD BE ABLE TO LOGIN" time="0.399">
    <error message="The path to the driver executable must be set by the webdriver.chrome.driver system property; for more information, see https://github.com/SeleniumHQ/selenium/wiki/ChromeDriver. The latest version can be downloaded from http://chromedriver.storage.googleapis.com/index.html" type="java.lang.IllegalStateException">java.lang.IllegalStateException: The path to the driver executable must be set by the webdriver.chrome.driver system property; for more information, see https://github.com/SeleniumHQ/selenium/wiki/ChromeDriver. The latest version can be downloaded from http://chromedriver.storage.googleapis.com/index.html
</error>
    <system-out><![CDATA[[pool-1-thread-1] (Logs.java : 13 ) 2020 - 01 - 05 14:56:31 INFO   Logs:13 - .......................TEST STARTED.....................!
CURRENT JVM THREAD ID - : '12 :' AND CURRENT THREAD NAME - : 'pool-1-thread-1 :'  
]]></system-out>
  </testcase>
  <testcase name="Should be able to login" classname="SHOULD BE ABLE TO LOGIN" time="0">
    <error type="java.lang.NullPointerException">java.lang.NullPointerException
</error>
  </testcase>
</testsuite>