<?xml version="1.0" encoding="UTF-8"?>
<testsuite xmlns:xsi="http://www.w3.org/2001/XMLSchema-instance" xsi:noNamespaceSchemaLocation="https://maven.apache.org/surefire/maven-surefire-plugin/xsd/surefire-test-report.xsd" name="SHOULD BE ABLE TO SORT PRODUCT" time="75.529" tests="2" errors="1" skipped="0" failures="1">
  <properties>
[...]
</properties>
  <testcase name="should be able to sort a product" classname="SHOULD BE ABLE TO SORT PRODUCT" time="44.561">
    <failure message="Product are sorted incorrectly, please investigate&#10;Expected: a string containing &quot;shirt&quot; ignoring case&#10;     but: was &quot;White 2 Pack Long Sleeve Formal Blouse (3-16yrs)&quot;" type="java.lang.AssertionError">java.lang.AssertionError: 
Product are sorted incorrectly, please investigate
Expected: a string containing "shirt" ignoring case
     but: was "White 2 Pack Long Sleeve Formal Blouse (3-16yrs)"
</failure>
    <system-out><![CDATA[348386 [Finalizer] DEBUG org.apache.http.impl.conn.PoolingHttpClientConnectionManager  - Connection manager is shutting down
 348388 [Finalizer] DEBUG org.apache.http.impl.conn.PoolingHttpClientConnectionManager  - Connection manager shut down
 348399 [Finalizer] DEBUG org.apache.http.impl.conn.PoolingHttpClientConnectionManager  - Connection manager is shutting down
 348400 [Finalizer] DEBUG org.apache.http.impl.conn.PoolingHttpClientConnectionManager  - Connection manager shut down
 348417 [Finalizer] DEBUG org.apache.http.impl.conn.PoolingHttpClientConnectionManager  - Connection manager is shutting down
 348418 [Finalizer] DEBUG org.apache.http.impl.conn.PoolingHttpClientConnectionManager  - Connection manager shut down
 422702 [Finalizer] DEBUG org.apache.http.impl.conn.PoolingHttpClientConnectionManager  - Connection manager is shutting down
 422707 [Finalizer] DEBUG org.apache.http.impl.conn.PoolingHttpClientConnectionManager  - Connection manager shut down
 
&amp#27;[31mFailed scenarios:&amp#27;[0m
&amp#27;[31msrc/test/java/com/next/resources/features/ShouldBeAbleToSortProduct.feature:13 &amp#27;[0m# should be able to sort a product
&amp#27;[31msrc/test/java/com/next/resources/features/ShouldBeAbleToSortProduct.feature:14 &amp#27;[0m# should be able to sort a product

6 Scenarios (&amp#27;[31m2 failed&amp#27;[0m, &amp#27;[32m4 passed&amp#27;[0m)
26 Steps (&amp#27;[31m2 failed&amp#27;[0m, &amp#27;[32m24 passed&amp#27;[0m)
7m4.481s

java.lang.AssertionError: Product are sorted incorrectly, please investigate
Expected: a string containing "shirt" ignoring case
     but: was "White 2 Pack Long Sleeve Formal Blouse (3-16yrs)"
	at org.hamcrest.MatcherAssert.assertThat(MatcherAssert.java:18)
	at com.next.steps.ShouldBeAbleToSortProductSteps.i_should_view_all_products_in_a_sorting_order_of(ShouldBeAbleToSortProductSteps.java:43)
	at ?.I should view all products in a sorting order of "Most Relevant"(src/test/java/com/next/resources/features/ShouldBeAbleToSortProduct.feature:9)

java.util.NoSuchElementException
	at java.util.HashMap$HashIterator.nextNode(HashMap.java:1447)
	at java.util.HashMap$KeyIterator.next(HashMap.java:1469)
	at java.util.Collections.min(Collections.java:598)
	at com.next.steps.ShouldBeAbleToSortProductSteps.i_should_view_all_products_in_a_sorting_order_of(ShouldBeAbleToSortProductSteps.java:50)
	at ?.I should view all products in a sorting order of "Price: Low - High"(src/test/java/com/next/resources/features/ShouldBeAbleToSortProduct.feature:9)

348311 [pool-1-thread-1] INFO  com.next.utils.Logs  - .......................Test Started..........................................................!
 Current Running Thread ID  is    :    12
The Tests will be executing on the Browser : 'chrome' 
The Tests will be executing on the Platform : 'local' 
The Tests will be executing on test environment : 'test' 
371149 [pool-1-thread-1] INFO  com.next.utils.Logs  - >>>>>>>>>>>>>>>> : com.next.steps.ShouldBeAbleToSearchProductSteps : STEPS ARE BEING EXECUTING.........................!
 371151 [pool-1-thread-1] INFO  com.next.utils.Logs  - >>>>>>> com.next.steps.ShouldBeAbleToSortProductSteps STEPS ARE BEING EXECUTING.........................!
 HOME PAGE : ITEM SEARCHED    :  shirt
391787 [pool-1-thread-1] INFO  com.next.utils.Logs  - .......................Test Ended............................................................!
 ]]></system-out>
    <system-err><![CDATA[Starting ChromeDriver 79.0.3945.36 (3582db32b33893869b8c1339e8f4d9ed1816f143-refs/branch-heads/3945@{#614}) on port 31433
Only local connections are allowed.
Please protect ports used by ChromeDriver and related test frameworks to prevent access by malicious code.
[1577469451.200][WARNING]: Timed out connecting to Chrome, retrying...
Dec 27, 2019 5:57:33 PM org.openqa.selenium.remote.ProtocolHandshake createSession
INFO: Detected dialect: W3C
[1577469468.116][WARNING]: Timed out connecting to Chrome, retrying...
]]></system-err>
  </testcase>
  <testcase name="should be able to sort a product" classname="SHOULD BE ABLE TO SORT PRODUCT" time="30.965">
    <error type="java.util.NoSuchElementException">java.util.NoSuchElementException
</error>
    <system-out><![CDATA[392785 [pool-1-thread-1] INFO  com.next.utils.Logs  - .......................Test Started..........................................................!
 Current Running Thread ID  is    :    12
The Tests will be executing on the Browser : 'chrome' 
The Tests will be executing on the Platform : 'local' 
The Tests will be executing on test environment : 'test' 
408257 [pool-1-thread-1] INFO  com.next.utils.Logs  - >>>>>>>>>>>>>>>> : com.next.steps.ShouldBeAbleToSearchProductSteps : STEPS ARE BEING EXECUTING.........................!
 408258 [pool-1-thread-1] INFO  com.next.utils.Logs  - >>>>>>> com.next.steps.ShouldBeAbleToSortProductSteps STEPS ARE BEING EXECUTING.........................!
 HOME PAGE : ITEM SEARCHED    :  shirt
ALL PRICE LIST : []
422862 [pool-1-thread-1] INFO  com.next.utils.Logs  - .......................Test Ended............................................................!
 ]]></system-out>
    <system-err><![CDATA[Starting ChromeDriver 79.0.3945.36 (3582db32b33893869b8c1339e8f4d9ed1816f143-refs/branch-heads/3945@{#614}) on port 47429
Only local connections are allowed.
Please protect ports used by ChromeDriver and related test frameworks to prevent access by malicious code.
[1577469495.505][WARNING]: Timed out connecting to Chrome, retrying...
Dec 27, 2019 5:58:17 PM org.openqa.selenium.remote.ProtocolHandshake createSession
INFO: Detected dialect: W3C
[1577469505.239][WARNING]: Timed out connecting to Chrome, retrying...
]]></system-err>
  </testcase>
</testsuite>